<?xml version="1.0" encoding="UTF-8"?>
<testng-results ignored="0" total="1" passed="1" failed="0" skipped="0">
  <reporter-output>
  </reporter-output>
  <suite started-at="2023-05-14T00:05:11 GMT-07:00" name="automation" finished-at="2023-05-14T00:09:28 GMT-07:00" duration-ms="257507">
    <groups>
    </groups>
    <test started-at="2023-05-14T00:05:11 GMT-07:00" name="automationTests" finished-at="2023-05-14T00:09:28 GMT-07:00" duration-ms="257507">
      <class name="com.agrichain.Runner">
        <test-method signature="testSuite()[pri:0, instance:com.agrichain.Runner@44a7bfbc]" started-at="2023-05-14T00:05:11 GMT-07:00" name="testSuite" finished-at="2023-05-14T00:09:28 GMT-07:00" duration-ms="257495" status="PASS">
          <reporter-output>
          </reporter-output>
        </test-method> <!-- testSuite -->
      </class> <!-- com.agrichain.Runner -->
    </test> <!-- automationTests -->
  </suite> <!-- automation -->
</testng-results>
